2023-05-15 16:38:05,185 =============================================================
2023-05-15 16:38:05,186 =============================================================
2023-05-15 16:38:05,186 Today is 2023-05-15 at 04:38 PM
2023-05-15 16:38:05,224 This file is running on: nt Windows 10
2023-05-15 16:38:05,224 The Python version is: 3.11.3
2023-05-15 16:38:05,224 The active conda environment is:  None
2023-05-15 16:38:05,224 The active pip environment is:    None
2023-05-15 16:38:05,224 The active environment path is:   C:\Program Files\WindowsApps\PythonSoftwareFoundation.Python.3.11_3.11.1008.0_x64__qbz5n2kfra8p0
2023-05-15 16:38:05,225 The current working directory is: C:\Users\desir\OneDrive\Documents\datafun-01-getting-started\datafun-01-getting-started
2023-05-15 16:38:05,225 This source file is in:           C:\Users\desir\OneDrive\Documents\datafun-01-getting-started\datafun-01-getting-started
2023-05-15 16:38:05,225 =============================================================
2023-05-15 16:38:05,225 =============================================================
2023-05-15 16:38:05,225 Name: John Doe 
2023-05-15 16:38:05,225 State: California
2023-05-15 16:38:05,225 Country: USA
2023-05-15 16:38:05,225 Pet count: 1
2023-05-15 16:38:05,225 Skill count: 24
2023-05-15 16:38:05,225 Temperature: 81.5
2023-05-15 16:38:05,225 Pet weight: 12.5
2023-05-15 16:38:05,225 Has dog: False
2023-05-15 16:38:05,225 Likes analytics: True
2023-05-15 16:38:05,225 Likes Python: True
